{"/home/jhuisa/own-projects/Testing/clac.js": {"path":"/home/jhuisa/own-projects/Testing/clac.js","statementMap":{"0":{"start":{"line":2,"column":2},"end":{"line":2,"column":17}},"1":{"start":{"line":6,"column":2},"end":{"line":6,"column":15}},"2":{"start":{"line":10,"column":2},"end":{"line":10,"column":17}},"3":{"start":{"line":13,"column":2},"end":{"line":13,"column":15}},"4":{"start":{"line":16,"column":0},"end":{"line":16,"column":65}}},"fnMap":{"0":{"name":"multiplyBy3","decl":{"start":{"line":1,"column":9},"end":{"line":1,"column":20}},"loc":{"start":{"line":1,"column":26},"end":{"line":3,"column":1}},"line":1},"1":{"name":"addTheSe","decl":{"start":{"line":5,"column":9},"end":{"line":5,"column":17}},"loc":{"start":{"line":5,"column":24},"end":{"line":7,"column":1}},"line":5},"2":{"name":"divideBy2","decl":{"start":{"line":9,"column":9},"end":{"line":9,"column":18}},"loc":{"start":{"line":9,"column":24},"end":{"line":11,"column":1}},"line":9},"3":{"name":"substract","decl":{"start":{"line":12,"column":9},"end":{"line":12,"column":18}},"loc":{"start":{"line":12,"column":25},"end":{"line":14,"column":1}},"line":12}},"branchMap":{},"s":{"0":1,"1":1,"2":1,"3":1,"4":1},"f":{"0":1,"1":1,"2":1,"3":1},"b":{},"_coverageSchema":"1a1c01bbd47fc00a2c39e90264f33305004495a9","hash":"3403cb8023d05c73688dc4259a05f802e73ef444"}
}
